{"C:\\Users\\acer\\Documents\\fifthsem\\t1-backend-web-api-BibekMSDangol\\app.js": {"path":"C:\\Users\\acer\\Documents\\fifthsem\\t1-backend-web-api-BibekMSDangol\\app.js","statementMap":{"0":{"start":{"line":1,"column":0},"end":{"line":1,"column":26}},"1":{"start":{"line":2,"column":16},"end":{"line":2,"column":34}},"2":{"start":{"line":3,"column":13},"end":{"line":3,"column":28}},"3":{"start":{"line":4,"column":12},"end":{"line":4,"column":21}},"4":{"start":{"line":5,"column":17},"end":{"line":5,"column":36}},"5":{"start":{"line":6,"column":13},"end":{"line":6,"column":41}},"6":{"start":{"line":7,"column":19},"end":{"line":7,"column":50}},"7":{"start":{"line":8,"column":20},"end":{"line":8,"column":51}},"8":{"start":{"line":9,"column":25},"end":{"line":9,"column":62}},"9":{"start":{"line":10,"column":19},"end":{"line":10,"column":50}},"10":{"start":{"line":11,"column":19},"end":{"line":11,"column":50}},"11":{"start":{"line":12,"column":13},"end":{"line":12,"column":28}},"12":{"start":{"line":14,"column":0},"end":{"line":14,"column":16}},"13":{"start":{"line":16,"column":0},"end":{"line":16,"column":34}},"14":{"start":{"line":17,"column":0},"end":{"line":19,"column":34}},"15":{"start":{"line":18,"column":4},"end":{"line":18,"column":55}},"16":{"start":{"line":19,"column":17},"end":{"line":19,"column":33}},"17":{"start":{"line":21,"column":0},"end":{"line":24,"column":2}},"18":{"start":{"line":25,"column":0},"end":{"line":25,"column":16}},"19":{"start":{"line":27,"column":0},"end":{"line":27,"column":24}},"20":{"start":{"line":30,"column":0},"end":{"line":33,"column":5}},"21":{"start":{"line":31,"column":4},"end":{"line":31,"column":45}},"22":{"start":{"line":32,"column":4},"end":{"line":32,"column":11}},"23":{"start":{"line":38,"column":0},"end":{"line":38,"column":30}},"24":{"start":{"line":39,"column":0},"end":{"line":39,"column":32}},"25":{"start":{"line":40,"column":0},"end":{"line":40,"column":41}},"26":{"start":{"line":41,"column":0},"end":{"line":41,"column":29}},"27":{"start":{"line":42,"column":0},"end":{"line":42,"column":29}},"28":{"start":{"line":44,"column":0},"end":{"line":47,"column":5}},"29":{"start":{"line":45,"column":4},"end":{"line":45,"column":27}},"30":{"start":{"line":46,"column":4},"end":{"line":46,"column":47}},"31":{"start":{"line":53,"column":0},"end":{"line":53,"column":21}}},"fnMap":{"0":{"name":"(anonymous_0)","decl":{"start":{"line":17,"column":54},"end":{"line":17,"column":55}},"loc":{"start":{"line":17,"column":58},"end":{"line":19,"column":1}},"line":17},"1":{"name":"(anonymous_1)","decl":{"start":{"line":19,"column":9},"end":{"line":19,"column":10}},"loc":{"start":{"line":19,"column":17},"end":{"line":19,"column":33}},"line":19},"2":{"name":"(anonymous_2)","decl":{"start":{"line":30,"column":8},"end":{"line":30,"column":9}},"loc":{"start":{"line":30,"column":28},"end":{"line":33,"column":3}},"line":30},"3":{"name":"(anonymous_3)","decl":{"start":{"line":44,"column":8},"end":{"line":44,"column":9}},"loc":{"start":{"line":44,"column":33},"end":{"line":47,"column":3}},"line":44}},"branchMap":{},"s":{"0":3,"1":3,"2":3,"3":3,"4":3,"5":3,"6":3,"7":3,"8":3,"9":3,"10":3,"11":3,"12":3,"13":3,"14":3,"15":3,"16":0,"17":3,"18":3,"19":3,"20":3,"21":16,"22":16,"23":3,"24":3,"25":3,"26":3,"27":3,"28":3,"29":5,"30":5,"31":3},"f":{"0":3,"1":0,"2":16,"3":5},"b":{},"_coverageSchema":"1a1c01bbd47fc00a2c39e90264f33305004495a9","hash":"158e67967e137d211da0e604a5f7be3c4cd049d7"}
,"C:\\Users\\acer\\Documents\\fifthsem\\t1-backend-web-api-BibekMSDangol\\controllers\\foods-controller.js": {"path":"C:\\Users\\acer\\Documents\\fifthsem\\t1-backend-web-api-BibekMSDangol\\controllers\\foods-controller.js","statementMap":{"0":{"start":{"line":1,"column":13},"end":{"line":1,"column":38}},"1":{"start":{"line":3,"column":19},"end":{"line":8,"column":1}},"2":{"start":{"line":4,"column":2},"end":{"line":7,"column":31}},"3":{"start":{"line":6,"column":21},"end":{"line":6,"column":48}},"4":{"start":{"line":7,"column":20},"end":{"line":7,"column":29}},"5":{"start":{"line":9,"column":18},"end":{"line":27,"column":1}},"6":{"start":{"line":10,"column":14},"end":{"line":10,"column":45}},"7":{"start":{"line":15,"column":16},"end":{"line":20,"column":3}},"8":{"start":{"line":21,"column":2},"end":{"line":26,"column":31}},"9":{"start":{"line":25,"column":20},"end":{"line":25,"column":46}},"10":{"start":{"line":26,"column":20},"end":{"line":26,"column":29}},"11":{"start":{"line":28,"column":22},"end":{"line":32,"column":1}},"12":{"start":{"line":29,"column":2},"end":{"line":31,"column":31}},"13":{"start":{"line":30,"column":21},"end":{"line":30,"column":36}},"14":{"start":{"line":31,"column":20},"end":{"line":31,"column":29}},"15":{"start":{"line":33,"column":20},"end":{"line":40,"column":1}},"16":{"start":{"line":34,"column":2},"end":{"line":39,"column":17}},"17":{"start":{"line":36,"column":20},"end":{"line":38,"column":5}},"18":{"start":{"line":42,"column":23},"end":{"line":46,"column":1}},"19":{"start":{"line":43,"column":2},"end":{"line":45,"column":17}},"20":{"start":{"line":44,"column":20},"end":{"line":44,"column":34}},"21":{"start":{"line":48,"column":23},"end":{"line":52,"column":1}},"22":{"start":{"line":49,"column":2},"end":{"line":51,"column":17}},"23":{"start":{"line":50,"column":20},"end":{"line":50,"column":34}},"24":{"start":{"line":54,"column":0},"end":{"line":61,"column":2}}},"fnMap":{"0":{"name":"(anonymous_0)","decl":{"start":{"line":3,"column":19},"end":{"line":3,"column":20}},"loc":{"start":{"line":3,"column":39},"end":{"line":8,"column":1}},"line":3},"1":{"name":"(anonymous_1)","decl":{"start":{"line":6,"column":10},"end":{"line":6,"column":11}},"loc":{"start":{"line":6,"column":21},"end":{"line":6,"column":48}},"line":6},"2":{"name":"(anonymous_2)","decl":{"start":{"line":7,"column":11},"end":{"line":7,"column":12}},"loc":{"start":{"line":7,"column":20},"end":{"line":7,"column":29}},"line":7},"3":{"name":"(anonymous_3)","decl":{"start":{"line":9,"column":18},"end":{"line":9,"column":19}},"loc":{"start":{"line":9,"column":38},"end":{"line":27,"column":1}},"line":9},"4":{"name":"(anonymous_4)","decl":{"start":{"line":25,"column":10},"end":{"line":25,"column":11}},"loc":{"start":{"line":25,"column":20},"end":{"line":25,"column":46}},"line":25},"5":{"name":"(anonymous_5)","decl":{"start":{"line":26,"column":11},"end":{"line":26,"column":12}},"loc":{"start":{"line":26,"column":20},"end":{"line":26,"column":29}},"line":26},"6":{"name":"(anonymous_6)","decl":{"start":{"line":28,"column":22},"end":{"line":28,"column":23}},"loc":{"start":{"line":28,"column":42},"end":{"line":32,"column":1}},"line":28},"7":{"name":"(anonymous_7)","decl":{"start":{"line":30,"column":10},"end":{"line":30,"column":11}},"loc":{"start":{"line":30,"column":21},"end":{"line":30,"column":36}},"line":30},"8":{"name":"(anonymous_8)","decl":{"start":{"line":31,"column":11},"end":{"line":31,"column":12}},"loc":{"start":{"line":31,"column":20},"end":{"line":31,"column":29}},"line":31},"9":{"name":"(anonymous_9)","decl":{"start":{"line":33,"column":20},"end":{"line":33,"column":21}},"loc":{"start":{"line":33,"column":40},"end":{"line":40,"column":1}},"line":33},"10":{"name":"(anonymous_10)","decl":{"start":{"line":36,"column":10},"end":{"line":36,"column":11}},"loc":{"start":{"line":36,"column":20},"end":{"line":38,"column":5}},"line":36},"11":{"name":"(anonymous_11)","decl":{"start":{"line":42,"column":23},"end":{"line":42,"column":24}},"loc":{"start":{"line":42,"column":43},"end":{"line":46,"column":1}},"line":42},"12":{"name":"(anonymous_12)","decl":{"start":{"line":44,"column":10},"end":{"line":44,"column":11}},"loc":{"start":{"line":44,"column":20},"end":{"line":44,"column":34}},"line":44},"13":{"name":"(anonymous_13)","decl":{"start":{"line":48,"column":23},"end":{"line":48,"column":24}},"loc":{"start":{"line":48,"column":43},"end":{"line":52,"column":1}},"line":48},"14":{"name":"(anonymous_14)","decl":{"start":{"line":50,"column":10},"end":{"line":50,"column":11}},"loc":{"start":{"line":50,"column":20},"end":{"line":50,"column":34}},"line":50}},"branchMap":{},"s":{"0":3,"1":3,"2":1,"3":1,"4":0,"5":3,"6":1,"7":0,"8":0,"9":0,"10":0,"11":3,"12":0,"13":0,"14":0,"15":3,"16":0,"17":0,"18":3,"19":0,"20":0,"21":3,"22":0,"23":0,"24":3},"f":{"0":1,"1":1,"2":0,"3":1,"4":0,"5":0,"6":0,"7":0,"8":0,"9":0,"10":0,"11":0,"12":0,"13":0,"14":0},"b":{},"_coverageSchema":"1a1c01bbd47fc00a2c39e90264f33305004495a9","hash":"b977a9b8f9a407c4ab0a7d698c4361f5573e82ee"}
,"C:\\Users\\acer\\Documents\\fifthsem\\t1-backend-web-api-BibekMSDangol\\controllers\\menu-controller.js": {"path":"C:\\Users\\acer\\Documents\\fifthsem\\t1-backend-web-api-BibekMSDangol\\controllers\\menu-controller.js","statementMap":{"0":{"start":{"line":1,"column":13},"end":{"line":1,"column":38}},"1":{"start":{"line":3,"column":19},"end":{"line":7,"column":1}},"2":{"start":{"line":4,"column":2},"end":{"line":6,"column":31}},"3":{"start":{"line":5,"column":20},"end":{"line":5,"column":34}},"4":{"start":{"line":6,"column":20},"end":{"line":6,"column":29}},"5":{"start":{"line":9,"column":20},"end":{"line":13,"column":1}},"6":{"start":{"line":10,"column":4},"end":{"line":12,"column":32}},"7":{"start":{"line":11,"column":22},"end":{"line":11,"column":48}},"8":{"start":{"line":12,"column":22},"end":{"line":12,"column":31}},"9":{"start":{"line":14,"column":20},"end":{"line":18,"column":1}},"10":{"start":{"line":15,"column":4},"end":{"line":17,"column":32}},"11":{"start":{"line":16,"column":23},"end":{"line":16,"column":38}},"12":{"start":{"line":17,"column":22},"end":{"line":17,"column":31}},"13":{"start":{"line":19,"column":20},"end":{"line":23,"column":1}},"14":{"start":{"line":20,"column":4},"end":{"line":22,"column":20}},"15":{"start":{"line":21,"column":22},"end":{"line":21,"column":36}},"16":{"start":{"line":25,"column":23},"end":{"line":30,"column":1}},"17":{"start":{"line":26,"column":4},"end":{"line":29,"column":20}},"18":{"start":{"line":28,"column":22},"end":{"line":28,"column":36}},"19":{"start":{"line":32,"column":23},"end":{"line":37,"column":1}},"20":{"start":{"line":33,"column":4},"end":{"line":35,"column":20}},"21":{"start":{"line":34,"column":22},"end":{"line":34,"column":36}},"22":{"start":{"line":39,"column":0},"end":{"line":47,"column":1}}},"fnMap":{"0":{"name":"(anonymous_0)","decl":{"start":{"line":3,"column":19},"end":{"line":3,"column":20}},"loc":{"start":{"line":3,"column":39},"end":{"line":7,"column":1}},"line":3},"1":{"name":"(anonymous_1)","decl":{"start":{"line":5,"column":10},"end":{"line":5,"column":11}},"loc":{"start":{"line":5,"column":20},"end":{"line":5,"column":34}},"line":5},"2":{"name":"(anonymous_2)","decl":{"start":{"line":6,"column":11},"end":{"line":6,"column":12}},"loc":{"start":{"line":6,"column":20},"end":{"line":6,"column":29}},"line":6},"3":{"name":"(anonymous_3)","decl":{"start":{"line":9,"column":20},"end":{"line":9,"column":21}},"loc":{"start":{"line":9,"column":37},"end":{"line":13,"column":1}},"line":9},"4":{"name":"(anonymous_4)","decl":{"start":{"line":11,"column":14},"end":{"line":11,"column":15}},"loc":{"start":{"line":11,"column":22},"end":{"line":11,"column":48}},"line":11},"5":{"name":"(anonymous_5)","decl":{"start":{"line":12,"column":15},"end":{"line":12,"column":16}},"loc":{"start":{"line":12,"column":22},"end":{"line":12,"column":31}},"line":12},"6":{"name":"(anonymous_6)","decl":{"start":{"line":14,"column":20},"end":{"line":14,"column":21}},"loc":{"start":{"line":14,"column":38},"end":{"line":18,"column":1}},"line":14},"7":{"name":"(anonymous_7)","decl":{"start":{"line":16,"column":14},"end":{"line":16,"column":15}},"loc":{"start":{"line":16,"column":23},"end":{"line":16,"column":38}},"line":16},"8":{"name":"(anonymous_8)","decl":{"start":{"line":17,"column":15},"end":{"line":17,"column":16}},"loc":{"start":{"line":17,"column":22},"end":{"line":17,"column":31}},"line":17},"9":{"name":"(anonymous_9)","decl":{"start":{"line":19,"column":20},"end":{"line":19,"column":21}},"loc":{"start":{"line":19,"column":36},"end":{"line":23,"column":1}},"line":19},"10":{"name":"(anonymous_10)","decl":{"start":{"line":21,"column":14},"end":{"line":21,"column":15}},"loc":{"start":{"line":21,"column":22},"end":{"line":21,"column":36}},"line":21},"11":{"name":"(anonymous_11)","decl":{"start":{"line":25,"column":23},"end":{"line":25,"column":24}},"loc":{"start":{"line":25,"column":42},"end":{"line":30,"column":1}},"line":25},"12":{"name":"(anonymous_12)","decl":{"start":{"line":28,"column":14},"end":{"line":28,"column":15}},"loc":{"start":{"line":28,"column":22},"end":{"line":28,"column":36}},"line":28},"13":{"name":"(anonymous_13)","decl":{"start":{"line":32,"column":23},"end":{"line":32,"column":24}},"loc":{"start":{"line":32,"column":40},"end":{"line":37,"column":1}},"line":32},"14":{"name":"(anonymous_14)","decl":{"start":{"line":34,"column":14},"end":{"line":34,"column":15}},"loc":{"start":{"line":34,"column":22},"end":{"line":34,"column":36}},"line":34}},"branchMap":{},"s":{"0":3,"1":3,"2":0,"3":0,"4":0,"5":3,"6":0,"7":0,"8":0,"9":3,"10":0,"11":0,"12":0,"13":3,"14":0,"15":0,"16":3,"17":0,"18":0,"19":3,"20":0,"21":0,"22":3},"f":{"0":0,"1":0,"2":0,"3":0,"4":0,"5":0,"6":0,"7":0,"8":0,"9":0,"10":0,"11":0,"12":0,"13":0,"14":0},"b":{},"_coverageSchema":"1a1c01bbd47fc00a2c39e90264f33305004495a9","hash":"f41d8e373675f58c1093f35966d7962a8c5df3c0"}
,"C:\\Users\\acer\\Documents\\fifthsem\\t1-backend-web-api-BibekMSDangol\\controllers\\orders-controller.js": {"path":"C:\\Users\\acer\\Documents\\fifthsem\\t1-backend-web-api-BibekMSDangol\\controllers\\orders-controller.js","statementMap":{"0":{"start":{"line":1,"column":19},"end":{"line":1,"column":46}},"1":{"start":{"line":3,"column":20},"end":{"line":17,"column":1}},"2":{"start":{"line":8,"column":17},"end":{"line":8,"column":33}},"3":{"start":{"line":9,"column":0},"end":{"line":9,"column":40}},"4":{"start":{"line":10,"column":0},"end":{"line":10,"column":34}},"5":{"start":{"line":11,"column":2},"end":{"line":11,"column":26}},"6":{"start":{"line":12,"column":2},"end":{"line":16,"column":31}},"7":{"start":{"line":14,"column":6},"end":{"line":14,"column":34}},"8":{"start":{"line":16,"column":20},"end":{"line":16,"column":29}},"9":{"start":{"line":19,"column":17},"end":{"line":23,"column":1}},"10":{"start":{"line":20,"column":2},"end":{"line":22,"column":13}},"11":{"start":{"line":21,"column":4},"end":{"line":21,"column":32}},"12":{"start":{"line":25,"column":24},"end":{"line":33,"column":1}},"13":{"start":{"line":26,"column":2},"end":{"line":32,"column":17}},"14":{"start":{"line":28,"column":6},"end":{"line":28,"column":25}},"15":{"start":{"line":29,"column":6},"end":{"line":29,"column":34}},"16":{"start":{"line":35,"column":0},"end":{"line":35,"column":59}}},"fnMap":{"0":{"name":"(anonymous_0)","decl":{"start":{"line":3,"column":20},"end":{"line":3,"column":21}},"loc":{"start":{"line":3,"column":40},"end":{"line":17,"column":1}},"line":3},"1":{"name":"(anonymous_1)","decl":{"start":{"line":13,"column":10},"end":{"line":13,"column":11}},"loc":{"start":{"line":13,"column":21},"end":{"line":15,"column":5}},"line":13},"2":{"name":"(anonymous_2)","decl":{"start":{"line":16,"column":11},"end":{"line":16,"column":12}},"loc":{"start":{"line":16,"column":20},"end":{"line":16,"column":29}},"line":16},"3":{"name":"(anonymous_3)","decl":{"start":{"line":19,"column":17},"end":{"line":19,"column":18}},"loc":{"start":{"line":19,"column":37},"end":{"line":23,"column":1}},"line":19},"4":{"name":"(anonymous_4)","decl":{"start":{"line":20,"column":25},"end":{"line":20,"column":26}},"loc":{"start":{"line":20,"column":35},"end":{"line":22,"column":3}},"line":20},"5":{"name":"(anonymous_5)","decl":{"start":{"line":25,"column":24},"end":{"line":25,"column":25}},"loc":{"start":{"line":25,"column":44},"end":{"line":33,"column":1}},"line":25},"6":{"name":"(anonymous_6)","decl":{"start":{"line":27,"column":10},"end":{"line":27,"column":11}},"loc":{"start":{"line":27,"column":21},"end":{"line":30,"column":5}},"line":27}},"branchMap":{},"s":{"0":3,"1":3,"2":0,"3":0,"4":0,"5":0,"6":0,"7":0,"8":0,"9":3,"10":0,"11":0,"12":3,"13":0,"14":0,"15":0,"16":3},"f":{"0":0,"1":0,"2":0,"3":0,"4":0,"5":0,"6":0},"b":{},"_coverageSchema":"1a1c01bbd47fc00a2c39e90264f33305004495a9","hash":"25737cf00a68e69d2147a040fc902cdc8f297eb2"}
,"C:\\Users\\acer\\Documents\\fifthsem\\t1-backend-web-api-BibekMSDangol\\controllers\\restaurant-controller.js": {"path":"C:\\Users\\acer\\Documents\\fifthsem\\t1-backend-web-api-BibekMSDangol\\controllers\\restaurant-controller.js","statementMap":{"0":{"start":{"line":1,"column":19},"end":{"line":1,"column":50}},"1":{"start":{"line":3,"column":26},"end":{"line":10,"column":1}},"2":{"start":{"line":4,"column":2},"end":{"line":9,"column":31}},"3":{"start":{"line":7,"column":6},"end":{"line":7,"column":59}},"4":{"start":{"line":9,"column":20},"end":{"line":9,"column":29}},"5":{"start":{"line":12,"column":26},"end":{"line":20,"column":1}},"6":{"start":{"line":13,"column":14},"end":{"line":13,"column":45}},"7":{"start":{"line":14,"column":2},"end":{"line":19,"column":31}},"8":{"start":{"line":18,"column":26},"end":{"line":18,"column":58}},"9":{"start":{"line":19,"column":20},"end":{"line":19,"column":29}},"10":{"start":{"line":21,"column":26},"end":{"line":25,"column":1}},"11":{"start":{"line":22,"column":2},"end":{"line":24,"column":31}},"12":{"start":{"line":23,"column":21},"end":{"line":23,"column":36}},"13":{"start":{"line":24,"column":20},"end":{"line":24,"column":29}},"14":{"start":{"line":26,"column":26},"end":{"line":31,"column":1}},"15":{"start":{"line":27,"column":2},"end":{"line":30,"column":17}},"16":{"start":{"line":29,"column":26},"end":{"line":29,"column":46}},"17":{"start":{"line":33,"column":29},"end":{"line":41,"column":1}},"18":{"start":{"line":34,"column":2},"end":{"line":40,"column":17}},"19":{"start":{"line":39,"column":26},"end":{"line":39,"column":46}},"20":{"start":{"line":43,"column":29},"end":{"line":47,"column":1}},"21":{"start":{"line":44,"column":2},"end":{"line":46,"column":17}},"22":{"start":{"line":45,"column":26},"end":{"line":45,"column":46}},"23":{"start":{"line":49,"column":0},"end":{"line":56,"column":2}}},"fnMap":{"0":{"name":"(anonymous_0)","decl":{"start":{"line":3,"column":26},"end":{"line":3,"column":27}},"loc":{"start":{"line":3,"column":46},"end":{"line":10,"column":1}},"line":3},"1":{"name":"(anonymous_1)","decl":{"start":{"line":6,"column":10},"end":{"line":6,"column":11}},"loc":{"start":{"line":7,"column":6},"end":{"line":7,"column":59}},"line":7},"2":{"name":"(anonymous_2)","decl":{"start":{"line":9,"column":11},"end":{"line":9,"column":12}},"loc":{"start":{"line":9,"column":20},"end":{"line":9,"column":29}},"line":9},"3":{"name":"(anonymous_3)","decl":{"start":{"line":12,"column":26},"end":{"line":12,"column":27}},"loc":{"start":{"line":12,"column":46},"end":{"line":20,"column":1}},"line":12},"4":{"name":"(anonymous_4)","decl":{"start":{"line":18,"column":10},"end":{"line":18,"column":11}},"loc":{"start":{"line":18,"column":26},"end":{"line":18,"column":58}},"line":18},"5":{"name":"(anonymous_5)","decl":{"start":{"line":19,"column":11},"end":{"line":19,"column":12}},"loc":{"start":{"line":19,"column":20},"end":{"line":19,"column":29}},"line":19},"6":{"name":"(anonymous_6)","decl":{"start":{"line":21,"column":26},"end":{"line":21,"column":27}},"loc":{"start":{"line":21,"column":46},"end":{"line":25,"column":1}},"line":21},"7":{"name":"(anonymous_7)","decl":{"start":{"line":23,"column":10},"end":{"line":23,"column":11}},"loc":{"start":{"line":23,"column":21},"end":{"line":23,"column":36}},"line":23},"8":{"name":"(anonymous_8)","decl":{"start":{"line":24,"column":11},"end":{"line":24,"column":12}},"loc":{"start":{"line":24,"column":20},"end":{"line":24,"column":29}},"line":24},"9":{"name":"(anonymous_9)","decl":{"start":{"line":26,"column":26},"end":{"line":26,"column":27}},"loc":{"start":{"line":26,"column":46},"end":{"line":31,"column":1}},"line":26},"10":{"name":"(anonymous_10)","decl":{"start":{"line":29,"column":10},"end":{"line":29,"column":11}},"loc":{"start":{"line":29,"column":26},"end":{"line":29,"column":46}},"line":29},"11":{"name":"(anonymous_11)","decl":{"start":{"line":33,"column":29},"end":{"line":33,"column":30}},"loc":{"start":{"line":33,"column":49},"end":{"line":41,"column":1}},"line":33},"12":{"name":"(anonymous_12)","decl":{"start":{"line":39,"column":10},"end":{"line":39,"column":11}},"loc":{"start":{"line":39,"column":26},"end":{"line":39,"column":46}},"line":39},"13":{"name":"(anonymous_13)","decl":{"start":{"line":43,"column":29},"end":{"line":43,"column":30}},"loc":{"start":{"line":43,"column":49},"end":{"line":47,"column":1}},"line":43},"14":{"name":"(anonymous_14)","decl":{"start":{"line":45,"column":10},"end":{"line":45,"column":11}},"loc":{"start":{"line":45,"column":26},"end":{"line":45,"column":46}},"line":45}},"branchMap":{},"s":{"0":3,"1":3,"2":0,"3":0,"4":0,"5":3,"6":0,"7":0,"8":0,"9":0,"10":3,"11":0,"12":0,"13":0,"14":3,"15":0,"16":0,"17":3,"18":0,"19":0,"20":3,"21":0,"22":0,"23":3},"f":{"0":0,"1":0,"2":0,"3":0,"4":0,"5":0,"6":0,"7":0,"8":0,"9":0,"10":0,"11":0,"12":0,"13":0,"14":0},"b":{},"_coverageSchema":"1a1c01bbd47fc00a2c39e90264f33305004495a9","hash":"34b7ae419fc957c929c369e02771311126a937fd"}
,"C:\\Users\\acer\\Documents\\fifthsem\\t1-backend-web-api-BibekMSDangol\\controllers\\reviews-controller.js": {"path":"C:\\Users\\acer\\Documents\\fifthsem\\t1-backend-web-api-BibekMSDangol\\controllers\\reviews-controller.js","statementMap":{"0":{"start":{"line":1,"column":15},"end":{"line":1,"column":33}},"1":{"start":{"line":2,"column":14},"end":{"line":2,"column":39}},"2":{"start":{"line":3,"column":13},"end":{"line":3,"column":38}},"3":{"start":{"line":5,"column":22},"end":{"line":9,"column":1}},"4":{"start":{"line":6,"column":4},"end":{"line":8,"column":18}},"5":{"start":{"line":7,"column":8},"end":{"line":7,"column":30}},"6":{"start":{"line":10,"column":20},"end":{"line":17,"column":1}},"7":{"start":{"line":11,"column":4},"end":{"line":16,"column":29}},"8":{"start":{"line":12,"column":8},"end":{"line":12,"column":36}},"9":{"start":{"line":13,"column":8},"end":{"line":15,"column":10}},"10":{"start":{"line":14,"column":12},"end":{"line":14,"column":32}},"11":{"start":{"line":16,"column":19},"end":{"line":16,"column":28}},"12":{"start":{"line":18,"column":25},"end":{"line":23,"column":1}},"13":{"start":{"line":19,"column":4},"end":{"line":22,"column":18}},"14":{"start":{"line":19,"column":47},"end":{"line":22,"column":5}},"15":{"start":{"line":21,"column":28},"end":{"line":21,"column":47}},"16":{"start":{"line":25,"column":23},"end":{"line":30,"column":1}},"17":{"start":{"line":26,"column":4},"end":{"line":29,"column":22}},"18":{"start":{"line":28,"column":12},"end":{"line":28,"column":59}},"19":{"start":{"line":31,"column":26},"end":{"line":43,"column":1}},"20":{"start":{"line":32,"column":4},"end":{"line":42,"column":22}},"21":{"start":{"line":34,"column":34},"end":{"line":39,"column":14}},"22":{"start":{"line":35,"column":16},"end":{"line":37,"column":17}},"23":{"start":{"line":36,"column":20},"end":{"line":36,"column":45}},"24":{"start":{"line":38,"column":16},"end":{"line":38,"column":27}},"25":{"start":{"line":40,"column":12},"end":{"line":40,"column":42}},"26":{"start":{"line":41,"column":12},"end":{"line":41,"column":60}},"27":{"start":{"line":41,"column":37},"end":{"line":41,"column":59}},"28":{"start":{"line":44,"column":25},"end":{"line":53,"column":1}},"29":{"start":{"line":45,"column":4},"end":{"line":52,"column":22}},"30":{"start":{"line":47,"column":35},"end":{"line":49,"column":14}},"31":{"start":{"line":48,"column":16},"end":{"line":48,"column":54}},"32":{"start":{"line":50,"column":12},"end":{"line":50,"column":42}},"33":{"start":{"line":51,"column":12},"end":{"line":51,"column":60}},"34":{"start":{"line":51,"column":37},"end":{"line":51,"column":59}},"35":{"start":{"line":55,"column":0},"end":{"line":62,"column":1}}},"fnMap":{"0":{"name":"(anonymous_0)","decl":{"start":{"line":5,"column":22},"end":{"line":5,"column":23}},"loc":{"start":{"line":5,"column":40},"end":{"line":9,"column":1}},"line":5},"1":{"name":"(anonymous_1)","decl":{"start":{"line":6,"column":39},"end":{"line":6,"column":40}},"loc":{"start":{"line":6,"column":47},"end":{"line":8,"column":5}},"line":6},"2":{"name":"(anonymous_2)","decl":{"start":{"line":10,"column":20},"end":{"line":10,"column":21}},"loc":{"start":{"line":10,"column":38},"end":{"line":17,"column":1}},"line":10},"3":{"name":"(anonymous_3)","decl":{"start":{"line":11,"column":39},"end":{"line":11,"column":40}},"loc":{"start":{"line":11,"column":47},"end":{"line":16,"column":5}},"line":11},"4":{"name":"(anonymous_4)","decl":{"start":{"line":13,"column":25},"end":{"line":13,"column":26}},"loc":{"start":{"line":13,"column":30},"end":{"line":15,"column":9}},"line":13},"5":{"name":"(anonymous_5)","decl":{"start":{"line":16,"column":13},"end":{"line":16,"column":14}},"loc":{"start":{"line":16,"column":19},"end":{"line":16,"column":28}},"line":16},"6":{"name":"(anonymous_6)","decl":{"start":{"line":18,"column":25},"end":{"line":18,"column":26}},"loc":{"start":{"line":18,"column":43},"end":{"line":23,"column":1}},"line":18},"7":{"name":"(anonymous_7)","decl":{"start":{"line":19,"column":39},"end":{"line":19,"column":40}},"loc":{"start":{"line":19,"column":47},"end":{"line":22,"column":5}},"line":19},"8":{"name":"(anonymous_8)","decl":{"start":{"line":21,"column":23},"end":{"line":21,"column":24}},"loc":{"start":{"line":21,"column":28},"end":{"line":21,"column":47}},"line":21},"9":{"name":"(anonymous_9)","decl":{"start":{"line":25,"column":23},"end":{"line":25,"column":24}},"loc":{"start":{"line":25,"column":40},"end":{"line":30,"column":1}},"line":25},"10":{"name":"(anonymous_10)","decl":{"start":{"line":27,"column":14},"end":{"line":27,"column":15}},"loc":{"start":{"line":27,"column":21},"end":{"line":29,"column":9}},"line":27},"11":{"name":"(anonymous_11)","decl":{"start":{"line":31,"column":26},"end":{"line":31,"column":27}},"loc":{"start":{"line":31,"column":44},"end":{"line":43,"column":1}},"line":31},"12":{"name":"(anonymous_12)","decl":{"start":{"line":33,"column":14},"end":{"line":33,"column":15}},"loc":{"start":{"line":33,"column":22},"end":{"line":42,"column":9}},"line":33},"13":{"name":"(anonymous_13)","decl":{"start":{"line":34,"column":51},"end":{"line":34,"column":52}},"loc":{"start":{"line":34,"column":59},"end":{"line":39,"column":13}},"line":34},"14":{"name":"(anonymous_14)","decl":{"start":{"line":41,"column":29},"end":{"line":41,"column":30}},"loc":{"start":{"line":41,"column":37},"end":{"line":41,"column":59}},"line":41},"15":{"name":"(anonymous_15)","decl":{"start":{"line":44,"column":25},"end":{"line":44,"column":26}},"loc":{"start":{"line":44,"column":41},"end":{"line":53,"column":1}},"line":44},"16":{"name":"(anonymous_16)","decl":{"start":{"line":46,"column":14},"end":{"line":46,"column":15}},"loc":{"start":{"line":46,"column":21},"end":{"line":52,"column":9}},"line":46},"17":{"name":"(anonymous_17)","decl":{"start":{"line":47,"column":55},"end":{"line":47,"column":56}},"loc":{"start":{"line":47,"column":64},"end":{"line":49,"column":13}},"line":47},"18":{"name":"(anonymous_18)","decl":{"start":{"line":51,"column":29},"end":{"line":51,"column":30}},"loc":{"start":{"line":51,"column":37},"end":{"line":51,"column":59}},"line":51}},"branchMap":{"0":{"loc":{"start":{"line":35,"column":16},"end":{"line":37,"column":17}},"type":"if","locations":[{"start":{"line":35,"column":16},"end":{"line":37,"column":17}},{"start":{},"end":{}}],"line":35}},"s":{"0":3,"1":3,"2":3,"3":3,"4":0,"5":0,"6":3,"7":0,"8":0,"9":0,"10":0,"11":0,"12":3,"13":0,"14":0,"15":0,"16":3,"17":0,"18":0,"19":3,"20":0,"21":0,"22":0,"23":0,"24":0,"25":0,"26":0,"27":0,"28":3,"29":0,"30":0,"31":0,"32":0,"33":0,"34":0,"35":3},"f":{"0":0,"1":0,"2":0,"3":0,"4":0,"5":0,"6":0,"7":0,"8":0,"9":0,"10":0,"11":0,"12":0,"13":0,"14":0,"15":0,"16":0,"17":0,"18":0},"b":{"0":[0,0]},"_coverageSchema":"1a1c01bbd47fc00a2c39e90264f33305004495a9","hash":"82d5d9603cfabae90c90635f395d766dbf1c7d1d"}
,"C:\\Users\\acer\\Documents\\fifthsem\\t1-backend-web-api-BibekMSDangol\\controllers\\user-controller.js": {"path":"C:\\Users\\acer\\Documents\\fifthsem\\t1-backend-web-api-BibekMSDangol\\controllers\\user-controller.js","statementMap":{"0":{"start":{"line":1,"column":13},"end":{"line":1,"column":38}},"1":{"start":{"line":2,"column":15},"end":{"line":2,"column":34}},"2":{"start":{"line":3,"column":12},"end":{"line":3,"column":35}},"3":{"start":{"line":4,"column":15},"end":{"line":4,"column":41}},"4":{"start":{"line":6,"column":19},"end":{"line":10,"column":1}},"5":{"start":{"line":7,"column":2},"end":{"line":9,"column":5}},"6":{"start":{"line":8,"column":4},"end":{"line":8,"column":19}},"7":{"start":{"line":11,"column":19},"end":{"line":19,"column":1}},"8":{"start":{"line":12,"column":17},"end":{"line":12,"column":30}},"9":{"start":{"line":13,"column":2},"end":{"line":18,"column":17}},"10":{"start":{"line":16,"column":6},"end":{"line":16,"column":21}},"11":{"start":{"line":21,"column":18},"end":{"line":33,"column":1}},"12":{"start":{"line":22,"column":2},"end":{"line":32,"column":5}},"13":{"start":{"line":23,"column":15},"end":{"line":23,"column":66}},"14":{"start":{"line":23,"column":40},"end":{"line":23,"column":65}},"15":{"start":{"line":24,"column":4},"end":{"line":28,"column":5}},"16":{"start":{"line":25,"column":6},"end":{"line":27,"column":9}},"17":{"start":{"line":29,"column":4},"end":{"line":29,"column":38}},"18":{"start":{"line":30,"column":4},"end":{"line":30,"column":16}},"19":{"start":{"line":31,"column":4},"end":{"line":31,"column":31}},"20":{"start":{"line":34,"column":19},"end":{"line":74,"column":1}},"21":{"start":{"line":35,"column":2},"end":{"line":42,"column":4}},"22":{"start":{"line":43,"column":2},"end":{"line":73,"column":17}},"23":{"start":{"line":45,"column":6},"end":{"line":49,"column":7}},"24":{"start":{"line":46,"column":18},"end":{"line":46,"column":75}},"25":{"start":{"line":47,"column":8},"end":{"line":47,"column":24}},"26":{"start":{"line":48,"column":8},"end":{"line":48,"column":25}},"27":{"start":{"line":50,"column":6},"end":{"line":71,"column":9}},"28":{"start":{"line":51,"column":8},"end":{"line":51,"column":34}},"29":{"start":{"line":51,"column":17},"end":{"line":51,"column":34}},"30":{"start":{"line":52,"column":8},"end":{"line":52,"column":26}},"31":{"start":{"line":53,"column":8},"end":{"line":53,"column":36}},"32":{"start":{"line":54,"column":8},"end":{"line":54,"column":36}},"33":{"start":{"line":55,"column":8},"end":{"line":55,"column":42}},"34":{"start":{"line":56,"column":8},"end":{"line":56,"column":40}},"35":{"start":{"line":57,"column":8},"end":{"line":57,"column":36}},"36":{"start":{"line":58,"column":8},"end":{"line":58,"column":29}},"37":{"start":{"line":59,"column":8},"end":{"line":59,"column":53}},"38":{"start":{"line":59,"column":27},"end":{"line":59,"column":53}},"39":{"start":{"line":60,"column":8},"end":{"line":70,"column":23}},"40":{"start":{"line":63,"column":12},"end":{"line":68,"column":15}},"41":{"start":{"line":76,"column":18},"end":{"line":119,"column":1}},"42":{"start":{"line":77,"column":2},"end":{"line":77,"column":52}},"43":{"start":{"line":78,"column":2},"end":{"line":118,"column":17}},"44":{"start":{"line":80,"column":6},"end":{"line":83,"column":7}},"45":{"start":{"line":81,"column":18},"end":{"line":81,"column":54}},"46":{"start":{"line":82,"column":8},"end":{"line":82,"column":25}},"47":{"start":{"line":85,"column":6},"end":{"line":116,"column":9}},"48":{"start":{"line":86,"column":8},"end":{"line":86,"column":34}},"49":{"start":{"line":86,"column":17},"end":{"line":86,"column":34}},"50":{"start":{"line":87,"column":8},"end":{"line":90,"column":9}},"51":{"start":{"line":88,"column":20},"end":{"line":88,"column":55}},"52":{"start":{"line":89,"column":10},"end":{"line":89,"column":27}},"53":{"start":{"line":91,"column":19},"end":{"line":101,"column":9}},"54":{"start":{"line":102,"column":8},"end":{"line":115,"column":10}},"55":{"start":{"line":107,"column":12},"end":{"line":107,"column":38}},"56":{"start":{"line":107,"column":21},"end":{"line":107,"column":38}},"57":{"start":{"line":108,"column":12},"end":{"line":113,"column":15}},"58":{"start":{"line":120,"column":17},"end":{"line":129,"column":1}},"59":{"start":{"line":121,"column":17},"end":{"line":121,"column":30}},"60":{"start":{"line":122,"column":2},"end":{"line":128,"column":15}},"61":{"start":{"line":124,"column":6},"end":{"line":126,"column":70}},"62":{"start":{"line":130,"column":19},"end":{"line":141,"column":1}},"63":{"start":{"line":131,"column":17},"end":{"line":131,"column":30}},"64":{"start":{"line":132,"column":2},"end":{"line":140,"column":17}},"65":{"start":{"line":134,"column":6},"end":{"line":138,"column":9}},"66":{"start":{"line":143,"column":0},"end":{"line":151,"column":2}}},"fnMap":{"0":{"name":"(anonymous_0)","decl":{"start":{"line":6,"column":19},"end":{"line":6,"column":20}},"loc":{"start":{"line":6,"column":39},"end":{"line":10,"column":1}},"line":6},"1":{"name":"(anonymous_1)","decl":{"start":{"line":7,"column":19},"end":{"line":7,"column":20}},"loc":{"start":{"line":7,"column":29},"end":{"line":9,"column":3}},"line":7},"2":{"name":"(anonymous_2)","decl":{"start":{"line":11,"column":19},"end":{"line":11,"column":20}},"loc":{"start":{"line":11,"column":39},"end":{"line":19,"column":1}},"line":11},"3":{"name":"(anonymous_3)","decl":{"start":{"line":15,"column":10},"end":{"line":15,"column":11}},"loc":{"start":{"line":15,"column":20},"end":{"line":17,"column":5}},"line":15},"4":{"name":"(anonymous_4)","decl":{"start":{"line":21,"column":18},"end":{"line":21,"column":19}},"loc":{"start":{"line":21,"column":38},"end":{"line":33,"column":1}},"line":21},"5":{"name":"(anonymous_5)","decl":{"start":{"line":22,"column":40},"end":{"line":22,"column":41}},"loc":{"start":{"line":22,"column":50},"end":{"line":32,"column":3}},"line":22},"6":{"name":"(anonymous_6)","decl":{"start":{"line":23,"column":30},"end":{"line":23,"column":31}},"loc":{"start":{"line":23,"column":40},"end":{"line":23,"column":65}},"line":23},"7":{"name":"(anonymous_7)","decl":{"start":{"line":34,"column":19},"end":{"line":34,"column":20}},"loc":{"start":{"line":34,"column":39},"end":{"line":74,"column":1}},"line":34},"8":{"name":"(anonymous_8)","decl":{"start":{"line":44,"column":10},"end":{"line":44,"column":11}},"loc":{"start":{"line":44,"column":20},"end":{"line":72,"column":5}},"line":44},"9":{"name":"(anonymous_9)","decl":{"start":{"line":50,"column":41},"end":{"line":50,"column":42}},"loc":{"start":{"line":50,"column":56},"end":{"line":71,"column":7}},"line":50},"10":{"name":"(anonymous_10)","decl":{"start":{"line":62,"column":16},"end":{"line":62,"column":17}},"loc":{"start":{"line":62,"column":26},"end":{"line":69,"column":11}},"line":62},"11":{"name":"(anonymous_11)","decl":{"start":{"line":76,"column":18},"end":{"line":76,"column":19}},"loc":{"start":{"line":76,"column":38},"end":{"line":119,"column":1}},"line":76},"12":{"name":"(anonymous_12)","decl":{"start":{"line":79,"column":10},"end":{"line":79,"column":11}},"loc":{"start":{"line":79,"column":20},"end":{"line":117,"column":5}},"line":79},"13":{"name":"(anonymous_13)","decl":{"start":{"line":85,"column":55},"end":{"line":85,"column":56}},"loc":{"start":{"line":85,"column":73},"end":{"line":116,"column":7}},"line":85},"14":{"name":"(anonymous_14)","decl":{"start":{"line":106,"column":10},"end":{"line":106,"column":11}},"loc":{"start":{"line":106,"column":26},"end":{"line":114,"column":11}},"line":106},"15":{"name":"(anonymous_15)","decl":{"start":{"line":120,"column":17},"end":{"line":120,"column":18}},"loc":{"start":{"line":120,"column":37},"end":{"line":129,"column":1}},"line":120},"16":{"name":"(anonymous_16)","decl":{"start":{"line":123,"column":4},"end":{"line":123,"column":5}},"loc":{"start":{"line":123,"column":14},"end":{"line":127,"column":5}},"line":123},"17":{"name":"(anonymous_17)","decl":{"start":{"line":130,"column":19},"end":{"line":130,"column":20}},"loc":{"start":{"line":130,"column":39},"end":{"line":141,"column":1}},"line":130},"18":{"name":"(anonymous_18)","decl":{"start":{"line":133,"column":10},"end":{"line":133,"column":11}},"loc":{"start":{"line":133,"column":20},"end":{"line":139,"column":5}},"line":133}},"branchMap":{"0":{"loc":{"start":{"line":24,"column":4},"end":{"line":28,"column":5}},"type":"if","locations":[{"start":{"line":24,"column":4},"end":{"line":28,"column":5}},{"start":{},"end":{}}],"line":24},"1":{"loc":{"start":{"line":45,"column":6},"end":{"line":49,"column":7}},"type":"if","locations":[{"start":{"line":45,"column":6},"end":{"line":49,"column":7}},{"start":{},"end":{}}],"line":45},"2":{"loc":{"start":{"line":51,"column":8},"end":{"line":51,"column":34}},"type":"if","locations":[{"start":{"line":51,"column":8},"end":{"line":51,"column":34}},{"start":{},"end":{}}],"line":51},"3":{"loc":{"start":{"line":59,"column":8},"end":{"line":59,"column":53}},"type":"if","locations":[{"start":{"line":59,"column":8},"end":{"line":59,"column":53}},{"start":{},"end":{}}],"line":59},"4":{"loc":{"start":{"line":80,"column":6},"end":{"line":83,"column":7}},"type":"if","locations":[{"start":{"line":80,"column":6},"end":{"line":83,"column":7}},{"start":{},"end":{}}],"line":80},"5":{"loc":{"start":{"line":86,"column":8},"end":{"line":86,"column":34}},"type":"if","locations":[{"start":{"line":86,"column":8},"end":{"line":86,"column":34}},{"start":{},"end":{}}],"line":86},"6":{"loc":{"start":{"line":87,"column":8},"end":{"line":90,"column":9}},"type":"if","locations":[{"start":{"line":87,"column":8},"end":{"line":90,"column":9}},{"start":{},"end":{}}],"line":87},"7":{"loc":{"start":{"line":107,"column":12},"end":{"line":107,"column":38}},"type":"if","locations":[{"start":{"line":107,"column":12},"end":{"line":107,"column":38}},{"start":{},"end":{}}],"line":107}},"s":{"0":3,"1":3,"2":3,"3":3,"4":3,"5":0,"6":0,"7":3,"8":3,"9":3,"10":0,"11":3,"12":0,"13":0,"14":0,"15":0,"16":0,"17":0,"18":0,"19":0,"20":3,"21":2,"22":2,"23":2,"24":0,"25":0,"26":0,"27":2,"28":2,"29":0,"30":2,"31":2,"32":2,"33":2,"34":2,"35":2,"36":2,"37":2,"38":1,"39":2,"40":2,"41":3,"42":2,"43":2,"44":2,"45":0,"46":0,"47":2,"48":2,"49":0,"50":2,"51":0,"52":0,"53":2,"54":2,"55":2,"56":0,"57":2,"58":3,"59":1,"60":1,"61":0,"62":3,"63":0,"64":0,"65":0,"66":3},"f":{"0":0,"1":0,"2":3,"3":0,"4":0,"5":0,"6":0,"7":2,"8":2,"9":2,"10":2,"11":2,"12":2,"13":2,"14":2,"15":1,"16":0,"17":0,"18":0},"b":{"0":[0,0],"1":[0,2],"2":[0,2],"3":[1,1],"4":[0,2],"5":[0,2],"6":[0,2],"7":[0,2]},"_coverageSchema":"1a1c01bbd47fc00a2c39e90264f33305004495a9","hash":"844f74dc3add6b9fe04ce993b07e03d5de1ace0b"}
,"C:\\Users\\acer\\Documents\\fifthsem\\t1-backend-web-api-BibekMSDangol\\middleware\\auth.js": {"path":"C:\\Users\\acer\\Documents\\fifthsem\\t1-backend-web-api-BibekMSDangol\\middleware\\auth.js","statementMap":{"0":{"start":{"line":1,"column":12},"end":{"line":1,"column":35}},"1":{"start":{"line":3,"column":19},"end":{"line":15,"column":1}},"2":{"start":{"line":4,"column":4},"end":{"line":7,"column":5}},"3":{"start":{"line":5,"column":18},"end":{"line":5,"column":63}},"4":{"start":{"line":6,"column":8},"end":{"line":6,"column":24}},"5":{"start":{"line":8,"column":16},"end":{"line":8,"column":55}},"6":{"start":{"line":9,"column":4},"end":{"line":14,"column":6}},"7":{"start":{"line":10,"column":8},"end":{"line":10,"column":32}},"8":{"start":{"line":10,"column":16},"end":{"line":10,"column":32}},"9":{"start":{"line":11,"column":8},"end":{"line":11,"column":28}},"10":{"start":{"line":12,"column":8},"end":{"line":12,"column":26}},"11":{"start":{"line":13,"column":8},"end":{"line":13,"column":14}},"12":{"start":{"line":17,"column":20},"end":{"line":24,"column":1}},"13":{"start":{"line":18,"column":4},"end":{"line":22,"column":5}},"14":{"start":{"line":19,"column":18},"end":{"line":19,"column":54}},"15":{"start":{"line":20,"column":8},"end":{"line":20,"column":23}},"16":{"start":{"line":21,"column":8},"end":{"line":21,"column":24}},"17":{"start":{"line":23,"column":4},"end":{"line":23,"column":10}},"18":{"start":{"line":26,"column":25},"end":{"line":32,"column":1}},"19":{"start":{"line":27,"column":4},"end":{"line":29,"column":5}},"20":{"start":{"line":28,"column":8},"end":{"line":28,"column":21}},"21":{"start":{"line":30,"column":4},"end":{"line":30,"column":19}},"22":{"start":{"line":31,"column":4},"end":{"line":31,"column":37}},"23":{"start":{"line":33,"column":0},"end":{"line":33,"column":60}}},"fnMap":{"0":{"name":"(anonymous_0)","decl":{"start":{"line":3,"column":19},"end":{"line":3,"column":20}},"loc":{"start":{"line":3,"column":37},"end":{"line":15,"column":1}},"line":3},"1":{"name":"(anonymous_1)","decl":{"start":{"line":9,"column":41},"end":{"line":9,"column":42}},"loc":{"start":{"line":9,"column":57},"end":{"line":14,"column":5}},"line":9},"2":{"name":"(anonymous_2)","decl":{"start":{"line":17,"column":20},"end":{"line":17,"column":21}},"loc":{"start":{"line":17,"column":39},"end":{"line":24,"column":1}},"line":17},"3":{"name":"(anonymous_3)","decl":{"start":{"line":26,"column":25},"end":{"line":26,"column":26}},"loc":{"start":{"line":26,"column":44},"end":{"line":32,"column":1}},"line":26}},"branchMap":{"0":{"loc":{"start":{"line":4,"column":4},"end":{"line":7,"column":5}},"type":"if","locations":[{"start":{"line":4,"column":4},"end":{"line":7,"column":5}},{"start":{},"end":{}}],"line":4},"1":{"loc":{"start":{"line":10,"column":8},"end":{"line":10,"column":32}},"type":"if","locations":[{"start":{"line":10,"column":8},"end":{"line":10,"column":32}},{"start":{},"end":{}}],"line":10},"2":{"loc":{"start":{"line":18,"column":4},"end":{"line":22,"column":5}},"type":"if","locations":[{"start":{"line":18,"column":4},"end":{"line":22,"column":5}},{"start":{},"end":{}}],"line":18},"3":{"loc":{"start":{"line":27,"column":4},"end":{"line":29,"column":5}},"type":"if","locations":[{"start":{"line":27,"column":4},"end":{"line":29,"column":5}},{"start":{},"end":{}}],"line":27},"4":{"loc":{"start":{"line":27,"column":7},"end":{"line":27,"column":64}},"type":"binary-expr","locations":[{"start":{"line":27,"column":7},"end":{"line":27,"column":36}},{"start":{"line":27,"column":40},"end":{"line":27,"column":64}}],"line":27}},"s":{"0":3,"1":3,"2":0,"3":0,"4":0,"5":0,"6":0,"7":0,"8":0,"9":0,"10":0,"11":0,"12":3,"13":0,"14":0,"15":0,"16":0,"17":0,"18":3,"19":0,"20":0,"21":0,"22":0,"23":3},"f":{"0":0,"1":0,"2":0,"3":0},"b":{"0":[0,0],"1":[0,0],"2":[0,0],"3":[0,0],"4":[0,0]},"_coverageSchema":"1a1c01bbd47fc00a2c39e90264f33305004495a9","hash":"c84f141c78cc16746a5fc8564667b9ee97f3aa32"}
,"C:\\Users\\acer\\Documents\\fifthsem\\t1-backend-web-api-BibekMSDangol\\middleware\\upload.js": {"path":"C:\\Users\\acer\\Documents\\fifthsem\\t1-backend-web-api-BibekMSDangol\\middleware\\upload.js","statementMap":{"0":{"start":{"line":1,"column":15},"end":{"line":1,"column":32}},"1":{"start":{"line":2,"column":13},"end":{"line":2,"column":28}},"2":{"start":{"line":3,"column":16},"end":{"line":11,"column":2}},"3":{"start":{"line":5,"column":8},"end":{"line":5,"column":29}},"4":{"start":{"line":8,"column":18},"end":{"line":8,"column":49}},"5":{"start":{"line":9,"column":8},"end":{"line":9,"column":57}},"6":{"start":{"line":13,"column":24},"end":{"line":18,"column":1}},"7":{"start":{"line":14,"column":4},"end":{"line":16,"column":5}},"8":{"start":{"line":15,"column":8},"end":{"line":15,"column":65}},"9":{"start":{"line":17,"column":4},"end":{"line":17,"column":18}},"10":{"start":{"line":20,"column":20},"end":{"line":24,"column":2}},"11":{"start":{"line":26,"column":0},"end":{"line":26,"column":28}}},"fnMap":{"0":{"name":"(anonymous_0)","decl":{"start":{"line":4,"column":17},"end":{"line":4,"column":18}},"loc":{"start":{"line":4,"column":34},"end":{"line":6,"column":5}},"line":4},"1":{"name":"(anonymous_1)","decl":{"start":{"line":7,"column":14},"end":{"line":7,"column":15}},"loc":{"start":{"line":7,"column":31},"end":{"line":10,"column":5}},"line":7},"2":{"name":"(anonymous_2)","decl":{"start":{"line":13,"column":24},"end":{"line":13,"column":25}},"loc":{"start":{"line":13,"column":42},"end":{"line":18,"column":1}},"line":13}},"branchMap":{"0":{"loc":{"start":{"line":14,"column":4},"end":{"line":16,"column":5}},"type":"if","locations":[{"start":{"line":14,"column":4},"end":{"line":16,"column":5}},{"start":{},"end":{}}],"line":14}},"s":{"0":3,"1":3,"2":3,"3":0,"4":0,"5":0,"6":3,"7":0,"8":0,"9":0,"10":3,"11":3},"f":{"0":0,"1":0,"2":0},"b":{"0":[0,0]},"_coverageSchema":"1a1c01bbd47fc00a2c39e90264f33305004495a9","hash":"eea5572332148b5c3cdf1a2b5a0ac1d2280faccd"}
,"C:\\Users\\acer\\Documents\\fifthsem\\t1-backend-web-api-BibekMSDangol\\models\\Food.js": {"path":"C:\\Users\\acer\\Documents\\fifthsem\\t1-backend-web-api-BibekMSDangol\\models\\Food.js","statementMap":{"0":{"start":{"line":1,"column":17},"end":{"line":1,"column":36}},"1":{"start":{"line":2,"column":19},"end":{"line":23,"column":21}},"2":{"start":{"line":25,"column":0},"end":{"line":25,"column":51}}},"fnMap":{},"branchMap":{},"s":{"0":3,"1":3,"2":3},"f":{},"b":{},"_coverageSchema":"1a1c01bbd47fc00a2c39e90264f33305004495a9","hash":"262e340c460293d88dbf8a0491b3090576a8ff31"}
,"C:\\Users\\acer\\Documents\\fifthsem\\t1-backend-web-api-BibekMSDangol\\models\\Menu.js": {"path":"C:\\Users\\acer\\Documents\\fifthsem\\t1-backend-web-api-BibekMSDangol\\models\\Menu.js","statementMap":{},"fnMap":{},"branchMap":{},"s":{},"f":{},"b":{},"_coverageSchema":"1a1c01bbd47fc00a2c39e90264f33305004495a9","hash":"9348cdf152472cce1205770deb309dd4eaa9e335"}
,"C:\\Users\\acer\\Documents\\fifthsem\\t1-backend-web-api-BibekMSDangol\\models\\Orders.js": {"path":"C:\\Users\\acer\\Documents\\fifthsem\\t1-backend-web-api-BibekMSDangol\\models\\Orders.js","statementMap":{"0":{"start":{"line":1,"column":17},"end":{"line":1,"column":36}},"1":{"start":{"line":2,"column":20},"end":{"line":19,"column":2}},"2":{"start":{"line":21,"column":0},"end":{"line":21,"column":52}}},"fnMap":{},"branchMap":{},"s":{"0":3,"1":3,"2":3},"f":{},"b":{},"_coverageSchema":"1a1c01bbd47fc00a2c39e90264f33305004495a9","hash":"72c7e46072f82d8de85722c3a45ceb724736128a"}
,"C:\\Users\\acer\\Documents\\fifthsem\\t1-backend-web-api-BibekMSDangol\\models\\Restaurant.js": {"path":"C:\\Users\\acer\\Documents\\fifthsem\\t1-backend-web-api-BibekMSDangol\\models\\Restaurant.js","statementMap":{"0":{"start":{"line":1,"column":17},"end":{"line":1,"column":36}},"1":{"start":{"line":12,"column":25},"end":{"line":35,"column":2}},"2":{"start":{"line":36,"column":0},"end":{"line":36,"column":63}}},"fnMap":{},"branchMap":{},"s":{"0":3,"1":3,"2":3},"f":{},"b":{},"_coverageSchema":"1a1c01bbd47fc00a2c39e90264f33305004495a9","hash":"9db54c9bed23b2d6f688249c74d23d34ed6aa568"}
,"C:\\Users\\acer\\Documents\\fifthsem\\t1-backend-web-api-BibekMSDangol\\models\\User.js": {"path":"C:\\Users\\acer\\Documents\\fifthsem\\t1-backend-web-api-BibekMSDangol\\models\\User.js","statementMap":{"0":{"start":{"line":1,"column":17},"end":{"line":1,"column":36}},"1":{"start":{"line":2,"column":19},"end":{"line":44,"column":1}},"2":{"start":{"line":45,"column":0},"end":{"line":45,"column":52}}},"fnMap":{},"branchMap":{},"s":{"0":3,"1":3,"2":3},"f":{},"b":{},"_coverageSchema":"1a1c01bbd47fc00a2c39e90264f33305004495a9","hash":"ce746141f52e25911cd31be8e53a8b2f5462c564"}
,"C:\\Users\\acer\\Documents\\fifthsem\\t1-backend-web-api-BibekMSDangol\\routes\\food-router.js": {"path":"C:\\Users\\acer\\Documents\\fifthsem\\t1-backend-web-api-BibekMSDangol\\routes\\food-router.js","statementMap":{"0":{"start":{"line":1,"column":16},"end":{"line":1,"column":34}},"1":{"start":{"line":2,"column":23},"end":{"line":2,"column":65}},"2":{"start":{"line":3,"column":25},"end":{"line":3,"column":69}},"3":{"start":{"line":4,"column":20},"end":{"line":4,"column":51}},"4":{"start":{"line":5,"column":15},"end":{"line":5,"column":31}},"5":{"start":{"line":7,"column":0},"end":{"line":11,"column":41}},"6":{"start":{"line":13,"column":0},"end":{"line":17,"column":42}},"7":{"start":{"line":19,"column":0},"end":{"line":23,"column":46}},"8":{"start":{"line":22,"column":22},"end":{"line":22,"column":70}},"9":{"start":{"line":25,"column":0},"end":{"line":29,"column":46}},"10":{"start":{"line":27,"column":23},"end":{"line":27,"column":71}},"11":{"start":{"line":31,"column":0},"end":{"line":31,"column":23}}},"fnMap":{"0":{"name":"(anonymous_0)","decl":{"start":{"line":22,"column":9},"end":{"line":22,"column":10}},"loc":{"start":{"line":22,"column":22},"end":{"line":22,"column":70}},"line":22},"1":{"name":"(anonymous_1)","decl":{"start":{"line":27,"column":10},"end":{"line":27,"column":11}},"loc":{"start":{"line":27,"column":23},"end":{"line":27,"column":71}},"line":27}},"branchMap":{},"s":{"0":3,"1":3,"2":3,"3":3,"4":3,"5":3,"6":3,"7":3,"8":0,"9":3,"10":0,"11":3},"f":{"0":0,"1":0},"b":{},"_coverageSchema":"1a1c01bbd47fc00a2c39e90264f33305004495a9","hash":"5dfc56df0c05c94677601a7a75560ae9c89098f7"}
,"C:\\Users\\acer\\Documents\\fifthsem\\t1-backend-web-api-BibekMSDangol\\routes\\menu-router.js": {"path":"C:\\Users\\acer\\Documents\\fifthsem\\t1-backend-web-api-BibekMSDangol\\routes\\menu-router.js","statementMap":{"0":{"start":{"line":1,"column":16},"end":{"line":1,"column":34}},"1":{"start":{"line":2,"column":23},"end":{"line":2,"column":64}},"2":{"start":{"line":3,"column":15},"end":{"line":3,"column":31}},"3":{"start":{"line":5,"column":0},"end":{"line":9,"column":39}},"4":{"start":{"line":8,"column":20},"end":{"line":8,"column":68}},"5":{"start":{"line":11,"column":0},"end":{"line":15,"column":42}},"6":{"start":{"line":13,"column":22},"end":{"line":13,"column":69}},"7":{"start":{"line":18,"column":0},"end":{"line":18,"column":23}}},"fnMap":{"0":{"name":"(anonymous_0)","decl":{"start":{"line":8,"column":9},"end":{"line":8,"column":10}},"loc":{"start":{"line":8,"column":20},"end":{"line":8,"column":68}},"line":8},"1":{"name":"(anonymous_1)","decl":{"start":{"line":13,"column":10},"end":{"line":13,"column":11}},"loc":{"start":{"line":13,"column":22},"end":{"line":13,"column":69}},"line":13}},"branchMap":{},"s":{"0":3,"1":3,"2":3,"3":3,"4":0,"5":3,"6":0,"7":3},"f":{"0":0,"1":0},"b":{},"_coverageSchema":"1a1c01bbd47fc00a2c39e90264f33305004495a9","hash":"c12d67c0789a6d91d466484402c19814cae9cffb"}
,"C:\\Users\\acer\\Documents\\fifthsem\\t1-backend-web-api-BibekMSDangol\\routes\\order-route.js": {"path":"C:\\Users\\acer\\Documents\\fifthsem\\t1-backend-web-api-BibekMSDangol\\routes\\order-route.js","statementMap":{"0":{"start":{"line":1,"column":16},"end":{"line":1,"column":34}},"1":{"start":{"line":2,"column":24},"end":{"line":2,"column":67}},"2":{"start":{"line":3,"column":23},"end":{"line":3,"column":52}},"3":{"start":{"line":4,"column":14},"end":{"line":4,"column":30}},"4":{"start":{"line":6,"column":0},"end":{"line":6,"column":53}},"5":{"start":{"line":7,"column":0},"end":{"line":7,"column":57}},"6":{"start":{"line":8,"column":0},"end":{"line":8,"column":62}},"7":{"start":{"line":10,"column":0},"end":{"line":10,"column":23}}},"fnMap":{},"branchMap":{},"s":{"0":3,"1":3,"2":3,"3":3,"4":3,"5":3,"6":3,"7":3},"f":{},"b":{},"_coverageSchema":"1a1c01bbd47fc00a2c39e90264f33305004495a9","hash":"799bf5e2a969e378ac79181e16e9bc7b5fa759ea"}
,"C:\\Users\\acer\\Documents\\fifthsem\\t1-backend-web-api-BibekMSDangol\\routes\\restaurant-router.js": {"path":"C:\\Users\\acer\\Documents\\fifthsem\\t1-backend-web-api-BibekMSDangol\\routes\\restaurant-router.js","statementMap":{"0":{"start":{"line":1,"column":16},"end":{"line":1,"column":34}},"1":{"start":{"line":2,"column":29},"end":{"line":2,"column":76}},"2":{"start":{"line":3,"column":20},"end":{"line":3,"column":51}},"3":{"start":{"line":4,"column":13},"end":{"line":4,"column":38}},"4":{"start":{"line":5,"column":15},"end":{"line":5,"column":31}},"5":{"start":{"line":8,"column":0},"end":{"line":13,"column":50}},"6":{"start":{"line":12,"column":21},"end":{"line":12,"column":69}},"7":{"start":{"line":15,"column":0},"end":{"line":20,"column":53}},"8":{"start":{"line":18,"column":22},"end":{"line":18,"column":70}},"9":{"start":{"line":22,"column":0},"end":{"line":39,"column":5}},"10":{"start":{"line":24,"column":16},"end":{"line":24,"column":47}},"11":{"start":{"line":25,"column":18},"end":{"line":32,"column":5}},"12":{"start":{"line":33,"column":4},"end":{"line":38,"column":33}},"13":{"start":{"line":37,"column":22},"end":{"line":37,"column":48}},"14":{"start":{"line":38,"column":22},"end":{"line":38,"column":31}},"15":{"start":{"line":41,"column":0},"end":{"line":41,"column":24}}},"fnMap":{"0":{"name":"(anonymous_0)","decl":{"start":{"line":12,"column":7},"end":{"line":12,"column":8}},"loc":{"start":{"line":12,"column":21},"end":{"line":12,"column":69}},"line":12},"1":{"name":"(anonymous_1)","decl":{"start":{"line":18,"column":8},"end":{"line":18,"column":9}},"loc":{"start":{"line":18,"column":22},"end":{"line":18,"column":70}},"line":18},"2":{"name":"(anonymous_2)","decl":{"start":{"line":23,"column":65},"end":{"line":23,"column":66}},"loc":{"start":{"line":23,"column":85},"end":{"line":39,"column":3}},"line":23},"3":{"name":"(anonymous_3)","decl":{"start":{"line":37,"column":12},"end":{"line":37,"column":13}},"loc":{"start":{"line":37,"column":22},"end":{"line":37,"column":48}},"line":37},"4":{"name":"(anonymous_4)","decl":{"start":{"line":38,"column":13},"end":{"line":38,"column":14}},"loc":{"start":{"line":38,"column":22},"end":{"line":38,"column":31}},"line":38}},"branchMap":{},"s":{"0":3,"1":3,"2":3,"3":3,"4":3,"5":3,"6":0,"7":3,"8":0,"9":3,"10":0,"11":0,"12":0,"13":0,"14":0,"15":3},"f":{"0":0,"1":0,"2":0,"3":0,"4":0},"b":{},"_coverageSchema":"1a1c01bbd47fc00a2c39e90264f33305004495a9","hash":"ec182bb6b7eff57b60e9c9ce06c51978863577b0"}
,"C:\\Users\\acer\\Documents\\fifthsem\\t1-backend-web-api-BibekMSDangol\\routes\\user-router.js": {"path":"C:\\Users\\acer\\Documents\\fifthsem\\t1-backend-web-api-BibekMSDangol\\routes\\user-router.js","statementMap":{"0":{"start":{"line":1,"column":16},"end":{"line":1,"column":34}},"1":{"start":{"line":2,"column":13},"end":{"line":2,"column":38}},"2":{"start":{"line":3,"column":15},"end":{"line":3,"column":34}},"3":{"start":{"line":4,"column":12},"end":{"line":4,"column":35}},"4":{"start":{"line":5,"column":23},"end":{"line":5,"column":64}},"5":{"start":{"line":6,"column":15},"end":{"line":6,"column":31}},"6":{"start":{"line":7,"column":20},"end":{"line":7,"column":51}},"7":{"start":{"line":10,"column":0},"end":{"line":10,"column":42}},"8":{"start":{"line":11,"column":0},"end":{"line":11,"column":45}},"9":{"start":{"line":12,"column":0},"end":{"line":12,"column":81}},"10":{"start":{"line":13,"column":0},"end":{"line":13,"column":54}},"11":{"start":{"line":14,"column":0},"end":{"line":14,"column":48}},"12":{"start":{"line":15,"column":0},"end":{"line":15,"column":49}},"13":{"start":{"line":17,"column":0},"end":{"line":17,"column":62}},"14":{"start":{"line":19,"column":0},"end":{"line":19,"column":24}}},"fnMap":{},"branchMap":{},"s":{"0":3,"1":3,"2":3,"3":3,"4":3,"5":3,"6":3,"7":3,"8":3,"9":3,"10":3,"11":3,"12":3,"13":3,"14":3},"f":{},"b":{},"_coverageSchema":"1a1c01bbd47fc00a2c39e90264f33305004495a9","hash":"04e67f491482763d46bf0bf3349775bec731c458"}
}
